app/build/intermediates/manifest_merge_blame_file/debug/processDebugMainManifest/manifest-merger-blame-debug-report.txt
1<?xml version="1.0" encoding="utf-8"?>
2<manifest xmlns:android="http://schemas.android.com/apk/res/android"
3    package="com.zpl.handcricket"
4    android:versionCode="1"
5    android:versionName="1.0.0" >
6
7    <uses-sdk
8        android:minSdkVersion="23"
9        android:targetSdkVersion="34" />
10
11    <uses-permission android:name="android.permission.INTERNET" />
11-->src\main\AndroidManifest.xml:4:5-66
11-->src\main\AndroidManifest.xml:4:22-64
12    <uses-permission android:name="android.permission.ACCESS_NETWORK_STATE" />
12-->src\main\AndroidManifest.xml:5:5-78
12-->src\main\AndroidManifest.xml:5:22-76
13
14    <permission
14-->[androidx.core:core:1.13.0] AndroidManifest.xml:22:5-24:47
15        android:name="com.zpl.handcricket.DYNAMIC_RECEIVER_NOT_EXPORTED_PERMISSION"
15-->[androidx.core:core:1.13.0] AndroidManifest.xml:23:9-81
16        android:protectionLevel="signature" />
16-->[androidx.core:core:1.13.0] AndroidManifest.xml:24:9-44
17
18    <uses-permission android:name="com.zpl.handcricket.DYNAMIC_RECEIVER_NOT_EXPORTED_PERMISSION" />
18-->[androidx.core:core:1.13.0] AndroidManifest.xml:26:5-97
18-->[androidx.core:core:1.13.0] AndroidManifest.xml:26:22-94
19
20    <application
20-->src\main\AndroidManifest.xml:7:5-56:19
21        android:name="com.zpl.handcricket.ZplApp"
21-->src\main\AndroidManifest.xml:8:9-31
22        android:allowBackup="true"
22-->src\main\AndroidManifest.xml:9:9-35
23        android:appComponentFactory="androidx.core.app.CoreComponentFactory"
23-->[androidx.core:core:1.13.0] AndroidManifest.xml:28:18-86
24        android:debuggable="true"
25        android:extractNativeLibs="false"
26        android:icon="@mipmap/ic_launcher"
26-->src\main\AndroidManifest.xml:10:9-43
27        android:label="@string/app_name"
27-->src\main\AndroidManifest.xml:11:9-41
28        android:roundIcon="@mipmap/ic_launcher_round"
28-->src\main\AndroidManifest.xml:12:9-54
29        android:supportsRtl="true"
29-->src\main\AndroidManifest.xml:13:9-35
30        android:testOnly="true"
31        android:theme="@style/Theme.ZplHandCricket"
31-->src\main\AndroidManifest.xml:14:9-52
32        android:usesCleartextTraffic="true" >
32-->src\main\AndroidManifest.xml:15:9-44
33        <activity
33-->src\main\AndroidManifest.xml:17:9-24:20
34            android:name="com.zpl.handcricket.activities.SplashActivity"
34-->src\main\AndroidManifest.xml:17:19-60
35            android:exported="true"
35-->src\main\AndroidManifest.xml:18:13-36
36            android:theme="@style/Theme.ZplHandCricket.NoActionBar" >
36-->src\main\AndroidManifest.xml:19:13-68
37            <intent-filter>
37-->src\main\AndroidManifest.xml:20:13-23:29
38                <action android:name="android.intent.action.MAIN" />
38-->src\main\AndroidManifest.xml:21:17-69
38-->src\main\AndroidManifest.xml:21:25-66
39
40                <category android:name="android.intent.category.LAUNCHER" />
40-->src\main\AndroidManifest.xml:22:17-77
40-->src\main\AndroidManifest.xml:22:27-74
41            </intent-filter>
42        </activity>
43        <activity
43-->src\main\AndroidManifest.xml:26:9-27:71
44            android:name="com.zpl.handcricket.activities.LoginActivity"
44-->src\main\AndroidManifest.xml:26:19-59
45            android:theme="@style/Theme.ZplHandCricket.NoActionBar" />
45-->src\main\AndroidManifest.xml:27:13-68
46        <activity
46-->src\main\AndroidManifest.xml:29:9-30:71
47            android:name="com.zpl.handcricket.activities.TeamSelectionActivity"
47-->src\main\AndroidManifest.xml:29:19-67
48            android:theme="@style/Theme.ZplHandCricket.NoActionBar" />
48-->src\main\AndroidManifest.xml:30:13-68
49        <activity
49-->src\main\AndroidManifest.xml:32:9-33:71
50            android:name="com.zpl.handcricket.activities.HomeActivity"
50-->src\main\AndroidManifest.xml:32:19-58
51            android:theme="@style/Theme.ZplHandCricket.NoActionBar" />
51-->src\main\AndroidManifest.xml:33:13-68
52        <activity
52-->src\main\AndroidManifest.xml:35:9-36:71
53            android:name="com.zpl.handcricket.activities.MatchmakingActivity"
53-->src\main\AndroidManifest.xml:35:19-65
54            android:theme="@style/Theme.ZplHandCricket.NoActionBar" />
54-->src\main\AndroidManifest.xml:36:13-68
55        <activity
55-->src\main\AndroidManifest.xml:38:9-39:71
56            android:name="com.zpl.handcricket.activities.FriendMatchActivity"
56-->src\main\AndroidManifest.xml:38:19-65
57            android:theme="@style/Theme.ZplHandCricket.NoActionBar" />
57-->src\main\AndroidManifest.xml:39:13-68
58        <activity
58-->src\main\AndroidManifest.xml:41:9-42:71
59            android:name="com.zpl.handcricket.activities.CreateRoomActivity"
59-->src\main\AndroidManifest.xml:41:19-64
60            android:theme="@style/Theme.ZplHandCricket.NoActionBar" />
60-->src\main\AndroidManifest.xml:42:13-68
61        <activity
61-->src\main\AndroidManifest.xml:44:9-45:71
62            android:name="com.zpl.handcricket.activities.JoinRoomActivity"
62-->src\main\AndroidManifest.xml:44:19-62
63            android:theme="@style/Theme.ZplHandCricket.NoActionBar" />
63-->src\main\AndroidManifest.xml:45:13-68
64        <activity
64-->src\main\AndroidManifest.xml:47:9-49:52
65            android:name="com.zpl.handcricket.activities.GameActivity"
65-->src\main\AndroidManifest.xml:47:19-58
66            android:screenOrientation="portrait"
66-->src\main\AndroidManifest.xml:49:13-49
67            android:theme="@style/Theme.ZplHandCricket.NoActionBar" />
67-->src\main\AndroidManifest.xml:48:13-68
68        <activity
68-->src\main\AndroidManifest.xml:51:9-52:71
69            android:name="com.zpl.handcricket.activities.ResultActivity"
69-->src\main\AndroidManifest.xml:51:19-60
70            android:theme="@style/Theme.ZplHandCricket.NoActionBar" />
70-->src\main\AndroidManifest.xml:52:13-68
71        <activity
71-->src\main\AndroidManifest.xml:54:9-55:71
72            android:name="com.zpl.handcricket.activities.MatchHistoryActivity"
72-->src\main\AndroidManifest.xml:54:19-66
73            android:theme="@style/Theme.ZplHandCricket.NoActionBar" />
73-->src\main\AndroidManifest.xml:55:13-68
74
75        <provider
75-->[androidx.emoji2:emoji2:1.3.0] AndroidManifest.xml:24:9-32:20
76            android:name="androidx.startup.InitializationProvider"
76-->[androidx.emoji2:emoji2:1.3.0] AndroidManifest.xml:25:13-67
77            android:authorities="com.zpl.handcricket.androidx-startup"
77-->[androidx.emoji2:emoji2:1.3.0] AndroidManifest.xml:26:13-68
78            android:exported="false" >
78-->[androidx.emoji2:emoji2:1.3.0] AndroidManifest.xml:27:13-37
79            <meta-data
79-->[androidx.emoji2:emoji2:1.3.0] AndroidManifest.xml:29:13-31:52
80                android:name="androidx.emoji2.text.EmojiCompatInitializer"
80-->[androidx.emoji2:emoji2:1.3.0] AndroidManifest.xml:30:17-75
81                android:value="androidx.startup" />
81-->[androidx.emoji2:emoji2:1.3.0] AndroidManifest.xml:31:17-49
82            <meta-data
82-->[androidx.lifecycle:lifecycle-process:2.8.4] AndroidManifest.xml:29:13-31:52
83                android:name="androidx.lifecycle.ProcessLifecycleInitializer"
83-->[androidx.lifecycle:lifecycle-process:2.8.4] AndroidManifest.xml:30:17-78
84                android:value="androidx.startup" />
84-->[androidx.lifecycle:lifecycle-process:2.8.4] AndroidManifest.xml:31:17-49
85            <meta-data
85-->[androidx.profileinstaller:profileinstaller:1.3.1] AndroidManifest.xml:29:13-31:52
86                android:name="androidx.profileinstaller.ProfileInstallerInitializer"
86-->[androidx.profileinstaller:profileinstaller:1.3.1] AndroidManifest.xml:30:17-85
87                android:value="androidx.startup" />
87-->[androidx.profileinstaller:profileinstaller:1.3.1] AndroidManifest.xml:31:17-49
88        </provider>
89
90        <receiver
90-->[androidx.profileinstaller:profileinstaller:1.3.1] AndroidManifest.xml:34:9-52:20
91            android:name="androidx.profileinstaller.ProfileInstallReceiver"
91-->[androidx.profileinstaller:profileinstaller:1.3.1] AndroidManifest.xml:35:13-76
92            android:directBootAware="false"
92-->[androidx.profileinstaller:profileinstaller:1.3.1] AndroidManifest.xml:36:13-44
93            android:enabled="true"
93-->[androidx.profileinstaller:profileinstaller:1.3.1] AndroidManifest.xml:37:13-35
94            android:exported="true"
94-->[androidx.profileinstaller:profileinstaller:1.3.1] AndroidManifest.xml:38:13-36
95            android:permission="android.permission.DUMP" >
95-->[androidx.profileinstaller:profileinstaller:1.3.1] AndroidManifest.xml:39:13-57
96            <intent-filter>
96-->[androidx.profileinstaller:profileinstaller:1.3.1] AndroidManifest.xml:40:13-42:29
97                <action android:name="androidx.profileinstaller.action.INSTALL_PROFILE" />
97-->[androidx.profileinstaller:profileinstaller:1.3.1] AndroidManifest.xml:41:17-91
97-->[androidx.profileinstaller:profileinstaller:1.3.1] AndroidManifest.xml:41:25-88
98            </intent-filter>
99            <intent-filter>
99-->[androidx.profileinstaller:profileinstaller:1.3.1] AndroidManifest.xml:43:13-45:29
100                <action android:name="androidx.profileinstaller.action.SKIP_FILE" />
100-->[androidx.profileinstaller:profileinstaller:1.3.1] AndroidManifest.xml:44:17-85
100-->[androidx.profileinstaller:profileinstaller:1.3.1] AndroidManifest.xml:44:25-82
101            </intent-filter>
102            <intent-filter>
102-->[androidx.profileinstaller:profileinstaller:1.3.1] AndroidManifest.xml:46:13-48:29
103                <action android:name="androidx.profileinstaller.action.SAVE_PROFILE" />
103-->[androidx.profileinstaller:profileinstaller:1.3.1] AndroidManifest.xml:47:17-88
103-->[androidx.profileinstaller:profileinstaller:1.3.1] AndroidManifest.xml:47:25-85
104            </intent-filter>
105            <intent-filter>
105-->[androidx.profileinstaller:profileinstaller:1.3.1] AndroidManifest.xml:49:13-51:29
106                <action android:name="androidx.profileinstaller.action.BENCHMARK_OPERATION" />
106-->[androidx.profileinstaller:profileinstaller:1.3.1] AndroidManifest.xml:50:17-95
106-->[androidx.profileinstaller:profileinstaller:1.3.1] AndroidManifest.xml:50:25-92
107            </intent-filter>
108        </receiver>
109    </application>
110
111</manifest>